2023-04-28 16:35:29 DEBUG InternalLoggerFactory:89 - Using Log4J as the default logging framework
2023-04-28 16:35:29 DEBUG ResourceLeakDetector:129 - -Dio.netty.leakDetection.level: simple
2023-04-28 16:35:29 DEBUG ResourceLeakDetector:130 - -Dio.netty.leakDetection.targetRecords: 4
2023-04-28 16:35:29 DEBUG ResourceLeakDetectorFactory:196 - Loaded default ResourceLeakDetector: io.netty.util.ResourceLeakDetector@70242f38
2023-04-28 16:35:30 DEBUG PlatformDependent0:496 - -Dio.netty.noUnsafe: false
2023-04-28 16:35:30 DEBUG PlatformDependent0:1000 - Java version: 17
2023-04-28 16:35:30 DEBUG PlatformDependent0:137 - sun.misc.Unsafe.theUnsafe: available
2023-04-28 16:35:30 DEBUG PlatformDependent0:161 - sun.misc.Unsafe.copyMemory: available
2023-04-28 16:35:30 DEBUG PlatformDependent0:193 - sun.misc.Unsafe.storeFence: available
2023-04-28 16:35:30 DEBUG PlatformDependent0:236 - java.nio.Buffer.address: available
2023-04-28 16:35:30 DEBUG PlatformDependent0:320 - direct buffer constructor: unavailable: Reflective setAccessible(true) disabled
2023-04-28 16:35:30 DEBUG PlatformDependent0:385 - java.nio.Bits.unaligned: available, true
2023-04-28 16:35:30 DEBUG PlatformDependent0:452 - jdk.internal.misc.Unsafe.allocateUninitializedArray(int): unavailable: class io.netty.util.internal.PlatformDependent0$7 cannot access class jdk.internal.misc.Unsafe (in module java.base) because module java.base does not export jdk.internal.misc to unnamed module @2096442d
2023-04-28 16:35:30 DEBUG PlatformDependent0:482 - java.nio.DirectByteBuffer.<init>(long, int): unavailable
2023-04-28 16:35:30 DEBUG PlatformDependent:1159 - sun.misc.Unsafe: available
2023-04-28 16:35:30 DEBUG PlatformDependent:1270 - maxDirectMemory: 1598029824 bytes (maybe)
2023-04-28 16:35:30 DEBUG PlatformDependent:1289 - -Dio.netty.tmpdir: C:\Users\mahendar\AppData\Local\Temp (java.io.tmpdir)
2023-04-28 16:35:30 DEBUG PlatformDependent:1368 - -Dio.netty.bitMode: 64 (sun.arch.data.model)
2023-04-28 16:35:30 DEBUG PlatformDependent:1119 - Platform: Windows
2023-04-28 16:35:30 DEBUG PlatformDependent:178 - -Dio.netty.maxDirectMemory: -1 bytes
2023-04-28 16:35:30 DEBUG PlatformDependent:185 - -Dio.netty.uninitializedArrayAllocationThreshold: -1
2023-04-28 16:35:30 DEBUG CleanerJava9:71 - java.nio.ByteBuffer.cleaner(): available
2023-04-28 16:35:30 DEBUG PlatformDependent:205 - -Dio.netty.noPreferDirect: false
2023-04-28 16:35:30 DEBUG PlatformDependent:1010 - org.jctools-core.MpscChunkedArrayQueue: available
2023-04-28 16:35:31 DEBUG InternalThreadLocalMap:100 - -Dio.netty.threadLocalMap.stringBuilder.initialSize: 1024
2023-04-28 16:35:31 DEBUG InternalThreadLocalMap:101 - -Dio.netty.threadLocalMap.stringBuilder.maxSize: 4096
2023-04-28 16:35:32 DEBUG JdkSslContext:83 - Default protocols (JDK): [TLSv1.3, TLSv1.2] 
2023-04-28 16:35:32 DEBUG JdkSslContext:84 - Default cipher suites (JDK): [TLS_ECDHE_ECDSA_WITH_AES_256_GCM_SHA384, TLS_ECDHE_ECDSA_WITH_AES_128_GCM_SHA256, TLS_ECDHE_RSA_WITH_AES_128_GCM_SHA256, TLS_ECDHE_RSA_WITH_AES_256_GCM_SHA384, TLS_ECDHE_RSA_WITH_AES_128_CBC_SHA, TLS_ECDHE_RSA_WITH_AES_256_CBC_SHA, TLS_RSA_WITH_AES_128_GCM_SHA256, TLS_RSA_WITH_AES_128_CBC_SHA, TLS_RSA_WITH_AES_256_CBC_SHA, TLS_AES_128_GCM_SHA256, TLS_AES_256_GCM_SHA384]
2023-04-28 16:35:33 DEBUG MultithreadEventLoopGroup:44 - -Dio.netty.eventLoopThreads: 8
2023-04-28 16:35:33 DEBUG NioEventLoop:110 - -Dio.netty.noKeySetOptimization: false
2023-04-28 16:35:33 DEBUG NioEventLoop:111 - -Dio.netty.selectorAutoRebuildThreshold: 512
2023-04-28 16:35:34 DEBUG PooledByteBufAllocator:157 - -Dio.netty.allocator.numHeapArenas: 8
2023-04-28 16:35:34 DEBUG PooledByteBufAllocator:158 - -Dio.netty.allocator.numDirectArenas: 8
2023-04-28 16:35:34 DEBUG PooledByteBufAllocator:160 - -Dio.netty.allocator.pageSize: 8192
2023-04-28 16:35:34 DEBUG PooledByteBufAllocator:165 - -Dio.netty.allocator.maxOrder: 9
2023-04-28 16:35:34 DEBUG PooledByteBufAllocator:169 - -Dio.netty.allocator.chunkSize: 4194304
2023-04-28 16:35:34 DEBUG PooledByteBufAllocator:170 - -Dio.netty.allocator.smallCacheSize: 256
2023-04-28 16:35:34 DEBUG PooledByteBufAllocator:171 - -Dio.netty.allocator.normalCacheSize: 64
2023-04-28 16:35:34 DEBUG PooledByteBufAllocator:172 - -Dio.netty.allocator.maxCachedBufferCapacity: 32768
2023-04-28 16:35:34 DEBUG PooledByteBufAllocator:173 - -Dio.netty.allocator.cacheTrimInterval: 8192
2023-04-28 16:35:34 DEBUG PooledByteBufAllocator:174 - -Dio.netty.allocator.cacheTrimIntervalMillis: 0
2023-04-28 16:35:34 DEBUG PooledByteBufAllocator:175 - -Dio.netty.allocator.useCacheForAllThreads: false
2023-04-28 16:35:34 DEBUG PooledByteBufAllocator:176 - -Dio.netty.allocator.maxCachedByteBuffersPerChunk: 1023
2023-04-28 16:35:34 DEBUG ByteBufUtil:87 - -Dio.netty.allocator.type: pooled
2023-04-28 16:35:34 DEBUG ByteBufUtil:96 - -Dio.netty.threadLocalDirectBufferSize: 0
2023-04-28 16:35:34 DEBUG ByteBufUtil:99 - -Dio.netty.maxThreadLocalCharBufferSize: 16384
2023-04-28 16:47:57 DEBUG InternalLoggerFactory:89 - Using Log4J as the default logging framework
2023-04-28 16:47:57 DEBUG ResourceLeakDetector:129 - -Dio.netty.leakDetection.level: simple
2023-04-28 16:47:57 DEBUG ResourceLeakDetector:130 - -Dio.netty.leakDetection.targetRecords: 4
2023-04-28 16:47:57 DEBUG ResourceLeakDetectorFactory:196 - Loaded default ResourceLeakDetector: io.netty.util.ResourceLeakDetector@ceb4bd2
2023-04-28 16:47:57 DEBUG PlatformDependent0:496 - -Dio.netty.noUnsafe: false
2023-04-28 16:47:57 DEBUG PlatformDependent0:1000 - Java version: 17
2023-04-28 16:47:57 DEBUG PlatformDependent0:137 - sun.misc.Unsafe.theUnsafe: available
2023-04-28 16:47:57 DEBUG PlatformDependent0:161 - sun.misc.Unsafe.copyMemory: available
2023-04-28 16:47:57 DEBUG PlatformDependent0:193 - sun.misc.Unsafe.storeFence: available
2023-04-28 16:47:57 DEBUG PlatformDependent0:236 - java.nio.Buffer.address: available
2023-04-28 16:47:57 DEBUG PlatformDependent0:320 - direct buffer constructor: unavailable: Reflective setAccessible(true) disabled
2023-04-28 16:47:57 DEBUG PlatformDependent0:385 - java.nio.Bits.unaligned: available, true
2023-04-28 16:47:57 DEBUG PlatformDependent0:452 - jdk.internal.misc.Unsafe.allocateUninitializedArray(int): unavailable: class io.netty.util.internal.PlatformDependent0$7 cannot access class jdk.internal.misc.Unsafe (in module java.base) because module java.base does not export jdk.internal.misc to unnamed module @2096442d
2023-04-28 16:47:57 DEBUG PlatformDependent0:482 - java.nio.DirectByteBuffer.<init>(long, int): unavailable
2023-04-28 16:47:57 DEBUG PlatformDependent:1159 - sun.misc.Unsafe: available
2023-04-28 16:47:57 DEBUG PlatformDependent:1270 - maxDirectMemory: 1598029824 bytes (maybe)
2023-04-28 16:47:57 DEBUG PlatformDependent:1289 - -Dio.netty.tmpdir: C:\Users\mahendar\AppData\Local\Temp (java.io.tmpdir)
2023-04-28 16:47:57 DEBUG PlatformDependent:1368 - -Dio.netty.bitMode: 64 (sun.arch.data.model)
2023-04-28 16:47:57 DEBUG PlatformDependent:1119 - Platform: Windows
2023-04-28 16:47:57 DEBUG PlatformDependent:178 - -Dio.netty.maxDirectMemory: -1 bytes
2023-04-28 16:47:57 DEBUG PlatformDependent:185 - -Dio.netty.uninitializedArrayAllocationThreshold: -1
2023-04-28 16:47:57 DEBUG CleanerJava9:71 - java.nio.ByteBuffer.cleaner(): available
2023-04-28 16:47:57 DEBUG PlatformDependent:205 - -Dio.netty.noPreferDirect: false
2023-04-28 16:47:57 DEBUG PlatformDependent:1010 - org.jctools-core.MpscChunkedArrayQueue: available
2023-04-28 16:47:57 DEBUG InternalThreadLocalMap:100 - -Dio.netty.threadLocalMap.stringBuilder.initialSize: 1024
2023-04-28 16:47:57 DEBUG InternalThreadLocalMap:101 - -Dio.netty.threadLocalMap.stringBuilder.maxSize: 4096
2023-04-28 16:47:57 DEBUG JdkSslContext:83 - Default protocols (JDK): [TLSv1.3, TLSv1.2] 
2023-04-28 16:47:57 DEBUG JdkSslContext:84 - Default cipher suites (JDK): [TLS_ECDHE_ECDSA_WITH_AES_256_GCM_SHA384, TLS_ECDHE_ECDSA_WITH_AES_128_GCM_SHA256, TLS_ECDHE_RSA_WITH_AES_128_GCM_SHA256, TLS_ECDHE_RSA_WITH_AES_256_GCM_SHA384, TLS_ECDHE_RSA_WITH_AES_128_CBC_SHA, TLS_ECDHE_RSA_WITH_AES_256_CBC_SHA, TLS_RSA_WITH_AES_128_GCM_SHA256, TLS_RSA_WITH_AES_128_CBC_SHA, TLS_RSA_WITH_AES_256_CBC_SHA, TLS_AES_128_GCM_SHA256, TLS_AES_256_GCM_SHA384]
2023-04-28 16:47:57 DEBUG MultithreadEventLoopGroup:44 - -Dio.netty.eventLoopThreads: 8
2023-04-28 16:47:57 DEBUG NioEventLoop:110 - -Dio.netty.noKeySetOptimization: false
2023-04-28 16:47:57 DEBUG NioEventLoop:111 - -Dio.netty.selectorAutoRebuildThreshold: 512
2023-04-28 16:47:57 DEBUG PooledByteBufAllocator:157 - -Dio.netty.allocator.numHeapArenas: 8
2023-04-28 16:47:57 DEBUG PooledByteBufAllocator:158 - -Dio.netty.allocator.numDirectArenas: 8
2023-04-28 16:47:57 DEBUG PooledByteBufAllocator:160 - -Dio.netty.allocator.pageSize: 8192
2023-04-28 16:47:57 DEBUG PooledByteBufAllocator:165 - -Dio.netty.allocator.maxOrder: 9
2023-04-28 16:47:57 DEBUG PooledByteBufAllocator:169 - -Dio.netty.allocator.chunkSize: 4194304
2023-04-28 16:47:57 DEBUG PooledByteBufAllocator:170 - -Dio.netty.allocator.smallCacheSize: 256
2023-04-28 16:47:57 DEBUG PooledByteBufAllocator:171 - -Dio.netty.allocator.normalCacheSize: 64
2023-04-28 16:47:57 DEBUG PooledByteBufAllocator:172 - -Dio.netty.allocator.maxCachedBufferCapacity: 32768
2023-04-28 16:47:57 DEBUG PooledByteBufAllocator:173 - -Dio.netty.allocator.cacheTrimInterval: 8192
2023-04-28 16:47:57 DEBUG PooledByteBufAllocator:174 - -Dio.netty.allocator.cacheTrimIntervalMillis: 0
2023-04-28 16:47:57 DEBUG PooledByteBufAllocator:175 - -Dio.netty.allocator.useCacheForAllThreads: false
2023-04-28 16:47:57 DEBUG PooledByteBufAllocator:176 - -Dio.netty.allocator.maxCachedByteBuffersPerChunk: 1023
2023-04-28 16:47:57 DEBUG ByteBufUtil:87 - -Dio.netty.allocator.type: pooled
2023-04-28 16:47:57 DEBUG ByteBufUtil:96 - -Dio.netty.threadLocalDirectBufferSize: 0
2023-04-28 16:47:57 DEBUG ByteBufUtil:99 - -Dio.netty.maxThreadLocalCharBufferSize: 16384
2023-04-28 17:01:53 DEBUG InternalLoggerFactory:89 - Using Log4J as the default logging framework
2023-04-28 17:01:53 DEBUG ResourceLeakDetector:129 - -Dio.netty.leakDetection.level: simple
2023-04-28 17:01:53 DEBUG ResourceLeakDetector:130 - -Dio.netty.leakDetection.targetRecords: 4
2023-04-28 17:01:53 DEBUG ResourceLeakDetectorFactory:196 - Loaded default ResourceLeakDetector: io.netty.util.ResourceLeakDetector@41c89d2f
2023-04-28 17:01:54 DEBUG PlatformDependent0:496 - -Dio.netty.noUnsafe: false
2023-04-28 17:01:54 DEBUG PlatformDependent0:1000 - Java version: 17
2023-04-28 17:01:54 DEBUG PlatformDependent0:137 - sun.misc.Unsafe.theUnsafe: available
2023-04-28 17:01:54 DEBUG PlatformDependent0:161 - sun.misc.Unsafe.copyMemory: available
2023-04-28 17:01:54 DEBUG PlatformDependent0:193 - sun.misc.Unsafe.storeFence: available
2023-04-28 17:01:54 DEBUG PlatformDependent0:236 - java.nio.Buffer.address: available
2023-04-28 17:01:54 DEBUG PlatformDependent0:320 - direct buffer constructor: unavailable: Reflective setAccessible(true) disabled
2023-04-28 17:01:54 DEBUG PlatformDependent0:385 - java.nio.Bits.unaligned: available, true
2023-04-28 17:01:54 DEBUG PlatformDependent0:452 - jdk.internal.misc.Unsafe.allocateUninitializedArray(int): unavailable: class io.netty.util.internal.PlatformDependent0$7 cannot access class jdk.internal.misc.Unsafe (in module java.base) because module java.base does not export jdk.internal.misc to unnamed module @2096442d
2023-04-28 17:01:54 DEBUG PlatformDependent0:482 - java.nio.DirectByteBuffer.<init>(long, int): unavailable
2023-04-28 17:01:54 DEBUG PlatformDependent:1159 - sun.misc.Unsafe: available
2023-04-28 17:01:54 DEBUG PlatformDependent:1270 - maxDirectMemory: 1598029824 bytes (maybe)
2023-04-28 17:01:54 DEBUG PlatformDependent:1289 - -Dio.netty.tmpdir: C:\Users\mahendar\AppData\Local\Temp (java.io.tmpdir)
2023-04-28 17:01:54 DEBUG PlatformDependent:1368 - -Dio.netty.bitMode: 64 (sun.arch.data.model)
2023-04-28 17:01:54 DEBUG PlatformDependent:1119 - Platform: Windows
2023-04-28 17:01:54 DEBUG PlatformDependent:178 - -Dio.netty.maxDirectMemory: -1 bytes
2023-04-28 17:01:54 DEBUG PlatformDependent:185 - -Dio.netty.uninitializedArrayAllocationThreshold: -1
2023-04-28 17:01:54 DEBUG CleanerJava9:71 - java.nio.ByteBuffer.cleaner(): available
2023-04-28 17:01:54 DEBUG PlatformDependent:205 - -Dio.netty.noPreferDirect: false
2023-04-28 17:01:54 DEBUG PlatformDependent:1010 - org.jctools-core.MpscChunkedArrayQueue: available
2023-04-28 17:01:54 DEBUG InternalThreadLocalMap:100 - -Dio.netty.threadLocalMap.stringBuilder.initialSize: 1024
2023-04-28 17:01:54 DEBUG InternalThreadLocalMap:101 - -Dio.netty.threadLocalMap.stringBuilder.maxSize: 4096
2023-04-28 17:01:54 DEBUG JdkSslContext:83 - Default protocols (JDK): [TLSv1.3, TLSv1.2] 
2023-04-28 17:01:54 DEBUG JdkSslContext:84 - Default cipher suites (JDK): [TLS_ECDHE_ECDSA_WITH_AES_256_GCM_SHA384, TLS_ECDHE_ECDSA_WITH_AES_128_GCM_SHA256, TLS_ECDHE_RSA_WITH_AES_128_GCM_SHA256, TLS_ECDHE_RSA_WITH_AES_256_GCM_SHA384, TLS_ECDHE_RSA_WITH_AES_128_CBC_SHA, TLS_ECDHE_RSA_WITH_AES_256_CBC_SHA, TLS_RSA_WITH_AES_128_GCM_SHA256, TLS_RSA_WITH_AES_128_CBC_SHA, TLS_RSA_WITH_AES_256_CBC_SHA, TLS_AES_128_GCM_SHA256, TLS_AES_256_GCM_SHA384]
2023-04-28 17:01:54 DEBUG MultithreadEventLoopGroup:44 - -Dio.netty.eventLoopThreads: 8
2023-04-28 17:01:54 DEBUG NioEventLoop:110 - -Dio.netty.noKeySetOptimization: false
2023-04-28 17:01:54 DEBUG NioEventLoop:111 - -Dio.netty.selectorAutoRebuildThreshold: 512
2023-04-28 17:01:54 DEBUG PooledByteBufAllocator:157 - -Dio.netty.allocator.numHeapArenas: 8
2023-04-28 17:01:54 DEBUG PooledByteBufAllocator:158 - -Dio.netty.allocator.numDirectArenas: 8
2023-04-28 17:01:54 DEBUG PooledByteBufAllocator:160 - -Dio.netty.allocator.pageSize: 8192
2023-04-28 17:01:54 DEBUG PooledByteBufAllocator:165 - -Dio.netty.allocator.maxOrder: 9
2023-04-28 17:01:54 DEBUG PooledByteBufAllocator:169 - -Dio.netty.allocator.chunkSize: 4194304
2023-04-28 17:01:54 DEBUG PooledByteBufAllocator:170 - -Dio.netty.allocator.smallCacheSize: 256
2023-04-28 17:01:54 DEBUG PooledByteBufAllocator:171 - -Dio.netty.allocator.normalCacheSize: 64
2023-04-28 17:01:54 DEBUG PooledByteBufAllocator:172 - -Dio.netty.allocator.maxCachedBufferCapacity: 32768
2023-04-28 17:01:54 DEBUG PooledByteBufAllocator:173 - -Dio.netty.allocator.cacheTrimInterval: 8192
2023-04-28 17:01:54 DEBUG PooledByteBufAllocator:174 - -Dio.netty.allocator.cacheTrimIntervalMillis: 0
2023-04-28 17:01:54 DEBUG PooledByteBufAllocator:175 - -Dio.netty.allocator.useCacheForAllThreads: false
2023-04-28 17:01:54 DEBUG PooledByteBufAllocator:176 - -Dio.netty.allocator.maxCachedByteBuffersPerChunk: 1023
2023-04-28 17:01:54 DEBUG ByteBufUtil:87 - -Dio.netty.allocator.type: pooled
2023-04-28 17:01:54 DEBUG ByteBufUtil:96 - -Dio.netty.threadLocalDirectBufferSize: 0
2023-04-28 17:01:54 DEBUG ByteBufUtil:99 - -Dio.netty.maxThreadLocalCharBufferSize: 16384
2023-04-28 17:02:09 DEBUG DefaultChannelId:79 - -Dio.netty.processId: 6608 (auto-detected)
2023-04-28 17:02:10 DEBUG NetUtil:142 - -Djava.net.preferIPv4Stack: false
2023-04-28 17:02:10 DEBUG NetUtil:143 - -Djava.net.preferIPv6Addresses: false
2023-04-28 17:02:10 DEBUG NetUtilInitializations:139 - Loopback interface: lo (Software Loopback Interface 1, 127.0.0.1)
2023-04-28 17:02:10 DEBUG NetUtil:200 - Failed to get SOMAXCONN from sysctl and file \proc\sys\net\core\somaxconn. Default: 200
2023-04-28 17:02:10 DEBUG DefaultChannelId:101 - -Dio.netty.machineId: cc:af:78:ff:fe:d2:26:65 (auto-detected)
2023-04-28 17:02:14 DEBUG AbstractByteBuf:63 - -Dio.netty.buffer.checkAccessible: true
2023-04-28 17:02:14 DEBUG AbstractByteBuf:64 - -Dio.netty.buffer.checkBounds: true
2023-04-28 17:02:14 DEBUG ResourceLeakDetectorFactory:196 - Loaded default ResourceLeakDetector: io.netty.util.ResourceLeakDetector@60aace32
2023-04-28 17:02:15 DEBUG Recycler:85 - -Dio.netty.recycler.maxCapacityPerThread: 4096
2023-04-28 17:02:15 DEBUG Recycler:86 - -Dio.netty.recycler.ratio: 8
2023-04-28 17:02:15 DEBUG Recycler:87 - -Dio.netty.recycler.chunkSize: 32
2023-04-28 17:02:15 DEBUG Recycler:88 - -Dio.netty.recycler.blocking: false
2023-04-28 17:15:33 DEBUG InternalLoggerFactory:89 - Using Log4J as the default logging framework
2023-04-28 17:15:33 DEBUG ResourceLeakDetector:129 - -Dio.netty.leakDetection.level: simple
2023-04-28 17:15:33 DEBUG ResourceLeakDetector:130 - -Dio.netty.leakDetection.targetRecords: 4
2023-04-28 17:15:33 DEBUG ResourceLeakDetectorFactory:196 - Loaded default ResourceLeakDetector: io.netty.util.ResourceLeakDetector@ceb4bd2
2023-04-28 17:15:33 DEBUG PlatformDependent0:496 - -Dio.netty.noUnsafe: false
2023-04-28 17:15:33 DEBUG PlatformDependent0:1000 - Java version: 17
2023-04-28 17:15:33 DEBUG PlatformDependent0:137 - sun.misc.Unsafe.theUnsafe: available
2023-04-28 17:15:33 DEBUG PlatformDependent0:161 - sun.misc.Unsafe.copyMemory: available
2023-04-28 17:15:33 DEBUG PlatformDependent0:193 - sun.misc.Unsafe.storeFence: available
2023-04-28 17:15:33 DEBUG PlatformDependent0:236 - java.nio.Buffer.address: available
2023-04-28 17:15:33 DEBUG PlatformDependent0:320 - direct buffer constructor: unavailable: Reflective setAccessible(true) disabled
2023-04-28 17:15:33 DEBUG PlatformDependent0:385 - java.nio.Bits.unaligned: available, true
2023-04-28 17:15:33 DEBUG PlatformDependent0:452 - jdk.internal.misc.Unsafe.allocateUninitializedArray(int): unavailable: class io.netty.util.internal.PlatformDependent0$7 cannot access class jdk.internal.misc.Unsafe (in module java.base) because module java.base does not export jdk.internal.misc to unnamed module @2096442d
2023-04-28 17:15:33 DEBUG PlatformDependent0:482 - java.nio.DirectByteBuffer.<init>(long, int): unavailable
2023-04-28 17:15:33 DEBUG PlatformDependent:1159 - sun.misc.Unsafe: available
2023-04-28 17:15:34 DEBUG PlatformDependent:1270 - maxDirectMemory: 1598029824 bytes (maybe)
2023-04-28 17:15:34 DEBUG PlatformDependent:1289 - -Dio.netty.tmpdir: C:\Users\mahendar\AppData\Local\Temp (java.io.tmpdir)
2023-04-28 17:15:34 DEBUG PlatformDependent:1368 - -Dio.netty.bitMode: 64 (sun.arch.data.model)
2023-04-28 17:15:34 DEBUG PlatformDependent:1119 - Platform: Windows
2023-04-28 17:15:34 DEBUG PlatformDependent:178 - -Dio.netty.maxDirectMemory: -1 bytes
2023-04-28 17:15:34 DEBUG PlatformDependent:185 - -Dio.netty.uninitializedArrayAllocationThreshold: -1
2023-04-28 17:15:34 DEBUG CleanerJava9:71 - java.nio.ByteBuffer.cleaner(): available
2023-04-28 17:15:34 DEBUG PlatformDependent:205 - -Dio.netty.noPreferDirect: false
2023-04-28 17:15:34 DEBUG PlatformDependent:1010 - org.jctools-core.MpscChunkedArrayQueue: available
2023-04-28 17:15:34 DEBUG InternalThreadLocalMap:100 - -Dio.netty.threadLocalMap.stringBuilder.initialSize: 1024
2023-04-28 17:15:34 DEBUG InternalThreadLocalMap:101 - -Dio.netty.threadLocalMap.stringBuilder.maxSize: 4096
2023-04-28 17:15:34 DEBUG JdkSslContext:83 - Default protocols (JDK): [TLSv1.3, TLSv1.2] 
2023-04-28 17:15:34 DEBUG JdkSslContext:84 - Default cipher suites (JDK): [TLS_ECDHE_ECDSA_WITH_AES_256_GCM_SHA384, TLS_ECDHE_ECDSA_WITH_AES_128_GCM_SHA256, TLS_ECDHE_RSA_WITH_AES_128_GCM_SHA256, TLS_ECDHE_RSA_WITH_AES_256_GCM_SHA384, TLS_ECDHE_RSA_WITH_AES_128_CBC_SHA, TLS_ECDHE_RSA_WITH_AES_256_CBC_SHA, TLS_RSA_WITH_AES_128_GCM_SHA256, TLS_RSA_WITH_AES_128_CBC_SHA, TLS_RSA_WITH_AES_256_CBC_SHA, TLS_AES_128_GCM_SHA256, TLS_AES_256_GCM_SHA384]
2023-04-28 17:15:34 DEBUG MultithreadEventLoopGroup:44 - -Dio.netty.eventLoopThreads: 8
2023-04-28 17:15:34 DEBUG NioEventLoop:110 - -Dio.netty.noKeySetOptimization: false
2023-04-28 17:15:34 DEBUG NioEventLoop:111 - -Dio.netty.selectorAutoRebuildThreshold: 512
2023-04-28 17:15:34 DEBUG PooledByteBufAllocator:157 - -Dio.netty.allocator.numHeapArenas: 8
2023-04-28 17:15:34 DEBUG PooledByteBufAllocator:158 - -Dio.netty.allocator.numDirectArenas: 8
2023-04-28 17:15:34 DEBUG PooledByteBufAllocator:160 - -Dio.netty.allocator.pageSize: 8192
2023-04-28 17:15:34 DEBUG PooledByteBufAllocator:165 - -Dio.netty.allocator.maxOrder: 9
2023-04-28 17:15:34 DEBUG PooledByteBufAllocator:169 - -Dio.netty.allocator.chunkSize: 4194304
2023-04-28 17:15:34 DEBUG PooledByteBufAllocator:170 - -Dio.netty.allocator.smallCacheSize: 256
2023-04-28 17:15:34 DEBUG PooledByteBufAllocator:171 - -Dio.netty.allocator.normalCacheSize: 64
2023-04-28 17:15:34 DEBUG PooledByteBufAllocator:172 - -Dio.netty.allocator.maxCachedBufferCapacity: 32768
2023-04-28 17:15:34 DEBUG PooledByteBufAllocator:173 - -Dio.netty.allocator.cacheTrimInterval: 8192
2023-04-28 17:15:34 DEBUG PooledByteBufAllocator:174 - -Dio.netty.allocator.cacheTrimIntervalMillis: 0
2023-04-28 17:15:34 DEBUG PooledByteBufAllocator:175 - -Dio.netty.allocator.useCacheForAllThreads: false
2023-04-28 17:15:34 DEBUG PooledByteBufAllocator:176 - -Dio.netty.allocator.maxCachedByteBuffersPerChunk: 1023
2023-04-28 17:15:34 DEBUG ByteBufUtil:87 - -Dio.netty.allocator.type: pooled
2023-04-28 17:15:34 DEBUG ByteBufUtil:96 - -Dio.netty.threadLocalDirectBufferSize: 0
2023-04-28 17:15:34 DEBUG ByteBufUtil:99 - -Dio.netty.maxThreadLocalCharBufferSize: 16384
2023-04-28 17:15:35 DEBUG DefaultChannelId:79 - -Dio.netty.processId: 7068 (auto-detected)
2023-04-28 17:15:35 DEBUG NetUtil:142 - -Djava.net.preferIPv4Stack: false
2023-04-28 17:15:35 DEBUG NetUtil:143 - -Djava.net.preferIPv6Addresses: false
2023-04-28 17:15:35 DEBUG NetUtilInitializations:139 - Loopback interface: lo (Software Loopback Interface 1, 127.0.0.1)
2023-04-28 17:15:35 DEBUG NetUtil:200 - Failed to get SOMAXCONN from sysctl and file \proc\sys\net\core\somaxconn. Default: 200
2023-04-28 17:15:35 DEBUG DefaultChannelId:101 - -Dio.netty.machineId: cc:af:78:ff:fe:d2:26:65 (auto-detected)
2023-04-28 17:15:35 DEBUG AbstractByteBuf:63 - -Dio.netty.buffer.checkAccessible: true
2023-04-28 17:15:35 DEBUG AbstractByteBuf:64 - -Dio.netty.buffer.checkBounds: true
2023-04-28 17:15:35 DEBUG ResourceLeakDetectorFactory:196 - Loaded default ResourceLeakDetector: io.netty.util.ResourceLeakDetector@ca8040d
2023-04-28 17:15:35 DEBUG Recycler:85 - -Dio.netty.recycler.maxCapacityPerThread: 4096
2023-04-28 17:15:35 DEBUG Recycler:86 - -Dio.netty.recycler.ratio: 8
2023-04-28 17:15:35 DEBUG Recycler:87 - -Dio.netty.recycler.chunkSize: 32
2023-04-28 17:15:35 DEBUG Recycler:88 - -Dio.netty.recycler.blocking: false
2023-04-28 17:16:03 DEBUG Brotli:38 - brotli4j not in the classpath; Brotli support will be unavailable.
2023-04-28 17:16:07 DEBUG ThreadLocalRandom:214 - -Dio.netty.initialSeedUniquifier: 0x1a21fe5b2e4130b4
